Arguments: 
  /usr/local/bin/node /Users/benjamin/.cache/node/corepack/yarn/1.22.19/bin/yarn.js init

PATH: 
  /Library/Frameworks/Python.framework/Versions/3.10/bin:/usr/local/bin:/usr/bin:/bin:/usr/sbin:/sbin:/Applications/VMware Fusion.app/Contents/Public:/Applications/Little Snitch.app/Contents/Components:/Library/Frameworks/Python.framework/Versions/3.10/bin:/Users/benjamin/Library/Python/3.9/bin:/Users/benjamin/.local/bin:/Users/benjamin/Library/Python/3.10/bin:/Users/benjamin/Library/Python/3.9/bin:/Users/benjamin/.local/bin:/Users/benjamin/Library/Python/3.10/bin:/Users/benjamin/Library/Python/3.9/bin:/Users/benjamin/.local/bin:/Users/benjamin/Library/Python/3.10/bin

Yarn version: 
  1.22.19

Node version: 
  18.14.0

Platform: 
  darwin x64

Trace: 
  Error: canceled
      at Interface.<anonymous> (/Users/benjamin/.cache/node/corepack/yarn/1.22.19/lib/cli.js:137150:13)
      at Interface.emit (node:events:513:28)
      at [_ttyWrite] [as _ttyWrite] (node:internal/readline/interface:1130:18)
      at ReadStream.onkeypress (node:internal/readline/interface:270:20)
      at ReadStream.emit (node:events:513:28)
      at emitKeys (node:internal/readline/utils:357:14)
      at emitKeys.next (<anonymous>)
      at ReadStream.onData (node:internal/readline/emitKeypressEvents:64:36)
      at ReadStream.emit (node:events:513:28)
      at addChunk (node:internal/streams/readable:324:12)

npm manifest: 
  No manifest

yarn manifest: 
  No manifest

Lockfile: 
  No lockfile
